[ 2017-05-15T09:01:48+08:00 ] 221.214.73.106 /mali/index.php/Admin/Index/index.html
INFO: [ app_init ] --START--
INFO: Run Behavior\BuildLiteBehavior [ RunTime:0.000010s ]
INFO: [ app_init ] --END-- [ RunTime:0.000078s ]
INFO: [ app_begin ] --START--
INFO: Run Behavior\ReadHtmlCacheBehavior [ RunTime:0.000066s ]
INFO: [ app_begin ] --END-- [ RunTime:0.000105s ]
INFO: [ view_parse ] --START--
INFO: [ template_filter ] --START--
INFO: Run Behavior\ContentReplaceBehavior [ RunTime:0.000394s ]
INFO: [ template_filter ] --END-- [ RunTime:0.000467s ]
INFO: Run Behavior\ParseTemplateBehavior [ RunTime:0.019824s ]
INFO: [ view_parse ] --END-- [ RunTime:0.019867s ]
INFO: [ view_filter ] --START--
INFO: Run Behavior\WriteHtmlCacheBehavior [ RunTime:0.000072s ]
INFO: [ view_filter ] --END-- [ RunTime:0.000104s ]
INFO: [ app_end ] --START--
INFO: Run Behavior\ShowPageTraceBehavior [ RunTime:0.000058s ]
INFO: [ app_end ] --END-- [ RunTime:0.000094s ]

[ 2017-05-15T09:01:53+08:00 ] 221.214.73.106 /mali/index.php/Admin/Index/index.html
INFO: [ app_init ] --START--
INFO: Run Behavior\BuildLiteBehavior [ RunTime:0.000013s ]
INFO: [ app_init ] --END-- [ RunTime:0.000109s ]
INFO: [ app_begin ] --START--
INFO: Run Behavior\ReadHtmlCacheBehavior [ RunTime:0.000056s ]
INFO: [ app_begin ] --END-- [ RunTime:0.000094s ]
INFO: [ view_parse ] --START--
INFO: [ template_filter ] --START--
INFO: Run Behavior\ContentReplaceBehavior [ RunTime:0.000384s ]
INFO: [ template_filter ] --END-- [ RunTime:0.000451s ]
INFO: Run Behavior\ParseTemplateBehavior [ RunTime:0.025052s ]
INFO: [ view_parse ] --END-- [ RunTime:0.025097s ]
INFO: [ view_filter ] --START--
INFO: Run Behavior\WriteHtmlCacheBehavior [ RunTime:0.000067s ]
INFO: [ view_filter ] --END-- [ RunTime:0.000099s ]
INFO: [ app_end ] --START--
INFO: Run Behavior\ShowPageTraceBehavior [ RunTime:0.000131s ]
INFO: [ app_end ] --END-- [ RunTime:0.000199s ]

